<?xml version="1.0" encoding="UTF-8"?>
<!-- Generated by org.testng.reporters.JUnitReportReporter -->
<testsuite skipped="0" hostname="DESKTOP-VVM4OU5" name="com.testng.forxml" tests="4" failures="0" timestamp="2022-11-10T18:04:17 IST" time="0.007" errors="0">
  <testcase name="userName" time="0.005" classname="com.testng.forxml"/>
  <system-out/>
  <testcase name="createAccount" time="0.001" classname="com.testng.forxml"/>
  <system-out/>
  <testcase name="login" time="0.000" classname="com.testng.forxml"/>
  <system-out/>
  <testcase name="passWord" time="0.001" classname="com.testng.forxml"/>
  <system-out/>
</testsuite> <!-- com.testng.forxml -->
