<?xml version="1.0" encoding="UTF-8"?>
<!-- Generated by org.testng.reporters.JUnitReportReporter -->
<testsuite skipped="0" hostname="DESKTOP-VVM4OU5" name="com.testng.Amazon" tests="1" failures="0" timestamp="2022-11-23T09:58:12 IST" time="4.103" errors="0">
  <testcase name="browser" time="4.103" classname="com.testng.Amazon"/>
  <system-out/>
</testsuite> <!-- com.testng.Amazon -->
