<?xml version="1.0" encoding="UTF-8"?>
<!-- Generated by org.testng.reporters.JUnitReportReporter -->
<testsuite skipped="1" hostname="DESKTOP-VVM4OU5" name="com.testng.simple1" tests="7" failures="0" timestamp="2022-11-09T18:45:37 IST" time="1.027" errors="0">
  <testcase name="login" time="0.001" classname="com.testng.simple1"/>
  <system-out/>
  <testcase name="createAccount1" time="0.005" classname="com.testng.simple1"/>
  <system-out/>
  <testcase name="login1" time="1.017" classname="com.testng.simple1"/>
  <system-out/>
  <testcase name="passWord" time="0.001" classname="com.testng.simple1"/>
  <system-out/>
  <testcase name="exception" time="0.001" classname="com.testng.simple1"/>
  <system-out/>
  <testcase name="createAccount" time="0.002" classname="com.testng.simple1"/>
  <system-out/>
  <testcase name="userName1" classname="com.testng.simple1">
    <skipped/>
  </testcase> <!-- userName1 -->
  <system-out/>
</testsuite> <!-- com.testng.simple1 -->
