<?xml version="1.0" encoding="UTF-8"?>
<!-- Generated by org.testng.reporters.JUnitReportReporter -->
<testsuite skipped="0" hostname="DESKTOP-VVM4OU5" name="com.testng.SimpleAnnotation" tests="2" failures="0" timestamp="2022-11-09T18:00:16 IST" time="0.011" errors="0">
  <testcase name="login" time="0.007" classname="com.testng.SimpleAnnotation"/>
  <system-out/>
  <testcase name="login1" time="0.004" classname="com.testng.SimpleAnnotation"/>
  <system-out/>
</testsuite> <!-- com.testng.SimpleAnnotation -->
